<?xml version="1.0" encoding="UTF-8"?>
<!-- Generated by org.testng.reporters.JUnitReportReporter -->
<testsuite skipped="0" hostname="Puchu-PC" name="com.test.Invesco.SmokeSuite" tests="1" failures="0" timestamp="30 Mar 2020 05:23:09 GMT" time="0.018" errors="0">
  <testcase name="outTest" time="0.018" classname="com.test.Invesco.SmokeSuite"/>
</testsuite> <!-- com.test.Invesco.SmokeSuite -->
